<?xml version="1.0" encoding="UTF-8"?>
<testng-results ignored="0" total="1" passed="1" failed="0" skipped="0">
  <reporter-output>
  </reporter-output>
  <suite started-at="2021-01-19T10:18:44 MST" name="DollardaysMywishlistupdate" finished-at="2021-01-19T10:20:15 MST" duration-ms="91910">
    <groups>
    </groups>
    <test started-at="2021-01-19T10:18:44 MST" name="MywishlistTest" finished-at="2021-01-19T10:20:15 MST" duration-ms="91910">
      <class name="com.dollardays.testcases.MywishlistupdateTestcase">
        <test-method is-config="true" signature="beforeClass()[pri:0, instance:com.dollardays.testcases.MywishlistupdateTestcase@3eb25e1a]" started-at="2021-01-19T10:18:44 MST" name="beforeClass" finished-at="2021-01-19T10:18:44 MST" duration-ms="11" status="PASS">
          <reporter-output>
          </reporter-output>
        </test-method> <!-- beforeClass -->
        <test-method is-config="true" signature="setUpBrowser()[pri:0, instance:com.dollardays.testcases.MywishlistupdateTestcase@3eb25e1a]" started-at="2021-01-19T10:18:44 MST" name="setUpBrowser" finished-at="2021-01-19T10:18:55 MST" duration-ms="11130" status="PASS">
          <reporter-output>
          </reporter-output>
        </test-method> <!-- setUpBrowser -->
        <test-method signature="MywishlistTc()[pri:0, instance:com.dollardays.testcases.MywishlistupdateTestcase@3eb25e1a]" started-at="2021-01-19T10:18:55 MST" name="MywishlistTc" finished-at="2021-01-19T10:20:14 MST" duration-ms="79535" status="PASS">
          <reporter-output>
          </reporter-output>
        </test-method> <!-- MywishlistTc -->
        <test-method is-config="true" signature="quit()[pri:0, instance:com.dollardays.testcases.MywishlistupdateTestcase@3eb25e1a]" started-at="2021-01-19T10:20:14 MST" name="quit" finished-at="2021-01-19T10:20:15 MST" duration-ms="1189" status="PASS">
          <reporter-output>
          </reporter-output>
        </test-method> <!-- quit -->
        <test-method is-config="true" signature="afterClass()[pri:0, instance:com.dollardays.testcases.MywishlistupdateTestcase@3eb25e1a]" started-at="2021-01-19T10:20:15 MST" name="afterClass" finished-at="2021-01-19T10:20:15 MST" duration-ms="1" status="PASS">
          <reporter-output>
          </reporter-output>
        </test-method> <!-- afterClass -->
      </class> <!-- com.dollardays.testcases.MywishlistupdateTestcase -->
    </test> <!-- MywishlistTest -->
  </suite> <!-- DollardaysMywishlistupdate -->
</testng-results>
